2022-08-21 20:45:54 info : μ •μƒμ μΌλ΅ μ„λ²„λ¥Ό μ‹μ‘ν•μ€μµλ‹λ‹¤. http://localhost:5000
2022-08-21 20:50:35 info : μ •μƒμ μΌλ΅ μ„λ²„λ¥Ό μ‹μ‘ν•μ€μµλ‹λ‹¤. http://localhost:5000
2022-08-21 20:50:35 info : μ •μƒμ μΌλ΅ dbμ— μ—°κ²°λμ—μµλ‹λ‹¤.
2022-08-21 20:54:15 info : μ •μƒμ μΌλ΅ μ„λ²„λ¥Ό μ‹μ‘ν•μ€μµλ‹λ‹¤. http://localhost:5000
2022-08-21 20:54:15 info : μ •μƒμ μΌλ΅ dbμ— μ—°κ²°λμ—μµλ‹λ‹¤.
2022-08-21 20:57:20 info : μ •μƒμ μΌλ΅ μ„λ²„λ¥Ό μ‹μ‘ν•μ€μµλ‹λ‹¤. http://localhost:5000
2022-08-21 20:57:21 info : μ •μƒμ μΌλ΅ dbμ— μ—°κ²°λμ—μµλ‹λ‹¤.
2022-08-21 20:58:16 info : μ •μƒμ μΌλ΅ μ„λ²„λ¥Ό μ‹μ‘ν•μ€μµλ‹λ‹¤. http://localhost:5000
2022-08-21 20:58:16 info : μ •μƒμ μΌλ΅ dbμ— μ—°κ²°λμ—μµλ‹λ‹¤.
2022-08-21 20:58:50 info : μ •μƒμ μΌλ΅ μ„λ²„λ¥Ό μ‹μ‘ν•μ€μµλ‹λ‹¤. http://localhost:5000
2022-08-21 20:59:55 [info] μ •μƒμ μΌλ΅ μ„λ²„λ¥Ό μ‹μ‘ν•μ€μµλ‹λ‹¤. http://localhost:5000
2022-08-21 21:00:49 [info] μ •μƒμ μΌλ΅ μ„λ²„λ¥Ό μ‹μ‘ν•μ€μµλ‹λ‹¤. http://localhost:5000
2022-08-21 21:01:49 [info] μ •μƒμ μΌλ΅ μ„λ²„λ¥Ό μ‹μ‘ν•μ€μµλ‹λ‹¤. http://localhost:5000
2022-08-21 21:05:18 [[32minfo[39m] [32mμ •μƒμ μΌλ΅ μ„λ²„λ¥Ό μ‹μ‘ν•μ€μµλ‹λ‹¤. http://localhost:5000[39m
2022-08-21 21:06:47 [[32minfo[39m] [32mμ •μƒμ μΌλ΅ μ„λ²„λ¥Ό μ‹μ‘ν•μ€μµλ‹λ‹¤. http://localhost:5000[39m
2022-08-21 21:08:57 [[32minfo[39m] [32mμ •μƒμ μΌλ΅ μ„λ²„λ¥Ό μ‹μ‘ν•μ€μµλ‹λ‹¤. http://localhost:5000[39m
2022-08-21 21:09:15 [[32minfo[39m] [32mμ •μƒμ μΌλ΅ μ„λ²„λ¥Ό μ‹μ‘ν•μ€μµλ‹λ‹¤. http://localhost:5000[39m
2022-08-21 21:09:16 [[32minfo[39m] [32mμ •μƒμ μΌλ΅ dbμ— μ—°κ²°λμ—μµλ‹λ‹¤.[39m
2022-08-21 21:10:19 [[32minfo[39m] [32mμ •μƒμ μΌλ΅ μ„λ²„λ¥Ό μ‹μ‘ν•μ€μµλ‹λ‹¤. http://localhost:5000[39m
2022-08-21 21:10:19 [[32minfo[39m] [32mμ •μƒμ μΌλ΅ dbμ— μ—°κ²°λμ—μµλ‹λ‹¤.[39m
2022-08-21 21:11:24 [[32minfo[39m] [32mμ •μƒμ μΌλ΅ μ„λ²„λ¥Ό μ‹μ‘ν•μ€μµλ‹λ‹¤. http://localhost:5000[39m
2022-08-21 21:11:24 [[32minfo[39m] [32mμ •μƒμ μΌλ΅ dbμ— μ—°κ²°λμ—μµλ‹λ‹¤.[39m
2022-08-21 21:12:46 |[ [32minfo[39m ] [32mμ •μƒμ μΌλ΅ μ„λ²„λ¥Ό μ‹μ‘ν•μ€μµλ‹λ‹¤. http://localhost:5000[39m
2022-08-21 21:12:47 |[ [32minfo[39m ] [32mμ •μƒμ μΌλ΅ dbμ— μ—°κ²°λμ—μµλ‹λ‹¤.[39m
2022-08-21 21:12:52 ||[ [32minfo[39m ] [32mμ •μƒμ μΌλ΅ μ„λ²„λ¥Ό μ‹μ‘ν•μ€μµλ‹λ‹¤. http://localhost:5000[39m
2022-08-21 21:12:53 ||[ [32minfo[39m ] [32mμ •μƒμ μΌλ΅ dbμ— μ—°κ²°λμ—μµλ‹λ‹¤.[39m
2022-08-21 21:13:17 ||[ [32minfo[39m ]β–¶οΈ [32mμ •μƒμ μΌλ΅ μ„λ²„λ¥Ό μ‹μ‘ν•μ€μµλ‹λ‹¤. http://localhost:5000[39m
2022-08-21 21:13:17 ||[ [32minfo[39m ]β–¶οΈ [32mμ •μƒμ μΌλ΅ dbμ— μ—°κ²°λμ—μµλ‹λ‹¤.[39m
2022-08-21 21:13:38 || [32minfo[39m β–¶οΈ [32mμ •μƒμ μΌλ΅ μ„λ²„λ¥Ό μ‹μ‘ν•μ€μµλ‹λ‹¤. http://localhost:5000[39m
2022-08-21 21:13:39 || [32minfo[39m β–¶οΈ [32mμ •μƒμ μΌλ΅ dbμ— μ—°κ²°λμ—μµλ‹λ‹¤.[39m
2022-08-21 21:13:58 || [32minfo[39m : [32mμ •μƒμ μΌλ΅ μ„λ²„λ¥Ό μ‹μ‘ν•μ€μµλ‹λ‹¤. http://localhost:5000[39m
2022-08-21 21:13:59 || [32minfo[39m : [32mμ •μƒμ μΌλ΅ dbμ— μ—°κ²°λμ—μµλ‹λ‹¤.[39m
2022-08-21 21:15:17 [undefined] [32minfo[39m: [32mμ •μƒμ μΌλ΅ μ„λ²„λ¥Ό μ‹μ‘ν•μ€μµλ‹λ‹¤. http://localhost:5000[39m
2022-08-21 21:15:17 [undefined] [32minfo[39m: [32mμ •μƒμ μΌλ΅ dbμ— μ—°κ²°λμ—μµλ‹λ‹¤.[39m
[2022-08-21 21:16:43] [32minfo[39m: [32mμ •μƒμ μΌλ΅ μ„λ²„λ¥Ό μ‹μ‘ν•μ€μµλ‹λ‹¤. http://localhost:5000[39m
[2022-08-21 21:16:43] [32minfo[39m: [32mμ •μƒμ μΌλ΅ dbμ— μ—°κ²°λμ—μµλ‹λ‹¤.[39m
[ 2022-08-21 21:16:53 ] [32minfo[39m: [32mμ •μƒμ μΌλ΅ μ„λ²„λ¥Ό μ‹μ‘ν•μ€μµλ‹λ‹¤. http://localhost:5000[39m
[ 2022-08-21 21:16:53 ] [32minfo[39m: [32mμ •μƒμ μΌλ΅ dbμ— μ—°κ²°λμ—μµλ‹λ‹¤.[39m
[2022-08-21 21:17:00 ] [32minfo[39m: [32mμ •μƒμ μΌλ΅ μ„λ²„λ¥Ό μ‹μ‘ν•μ€μµλ‹λ‹¤. http://localhost:5000[39m
[2022-08-21 21:17:00 ] [32minfo[39m: [32mμ •μƒμ μΌλ΅ dbμ— μ—°κ²°λμ—μµλ‹λ‹¤.[39m
[2022-08-21 21:17:33 ] [32minfo[39m| [32mμ •μƒμ μΌλ΅ μ„λ²„λ¥Ό μ‹μ‘ν•μ€μµλ‹λ‹¤. http://localhost:5000[39m
[2022-08-21 21:17:34 ] [32minfo[39m| [32mμ •μƒμ μΌλ΅ dbμ— μ—°κ²°λμ—μµλ‹λ‹¤.[39m
[ 2022-08-21 21:17:41 ] [32minfo[39m| [32mμ •μƒμ μΌλ΅ μ„λ²„λ¥Ό μ‹μ‘ν•μ€μµλ‹λ‹¤. http://localhost:5000[39m
[ 2022-08-21 21:17:41 ] [32minfo[39m| [32mμ •μƒμ μΌλ΅ dbμ— μ—°κ²°λμ—μµλ‹λ‹¤.[39m
[ 2022-08-21 21:19:12 ] [32minfo[39m| [32mμ •μƒμ μΌλ΅ μ„λ²„λ¥Ό μ‹μ‘ν•μ€μµλ‹λ‹¤. on port:5000[39m
[ 2022-08-21 21:19:13 ] [32minfo[39m| [32mμ •μƒμ μΌλ΅ dbμ— μ—°κ²°λμ—μµλ‹λ‹¤.[39m
[ 2022-08-21 21:21:02 ] [32minfo[39m| [32mServer started and running on http://localhost:5000[39m
[ 2022-08-21 21:21:03 ] [32minfo[39m| [32mμ •μƒμ μΌλ΅ dbμ— μ—°κ²°λμ—μµλ‹λ‹¤.[39m
[32minfo[39m| 2022-08-21 21:21:57 | [32mServer started and running on http://localhost:5000[39m
[32minfo[39m| 2022-08-21 21:21:57 | [32mμ •μƒμ μΌλ΅ dbμ— μ—°κ²°λμ—μµλ‹λ‹¤.[39m
[32minfo[39m | 2022-08-21 21:22:02 | [32mServer started and running on http://localhost:5000[39m
[32minfo[39m | 2022-08-21 21:22:03 | [32mμ •μƒμ μΌλ΅ dbμ— μ—°κ²°λμ—μµλ‹λ‹¤.[39m
[32minfo[39m [2022-08-21 21:22:15] [32mServer started and running on http://localhost:5000[39m
[32minfo[39m [2022-08-21 21:22:15] [32mμ •μƒμ μΌλ΅ dbμ— μ—°κ²°λμ—μµλ‹λ‹¤.[39m
[32minfo[39m [ [32mServer started and running on http://localhost:5000[39m ] 2022-08-21 21:22:36
[32minfo[39m [ [32mμ •μƒμ μΌλ΅ dbμ— μ—°κ²°λμ—μµλ‹λ‹¤.[39m ] 2022-08-21 21:22:36
[32minfo[39m : [32mServer started and running on http://localhost:5000[39m  2022-08-21 21:22:57
[32minfo[39m : [32mμ •μƒμ μΌλ΅ dbμ— μ—°κ²°λμ—μµλ‹λ‹¤.[39m  2022-08-21 21:22:57
[[32minfo[39m] [32mServer started and running on http://localhost:5000[39m  2022-08-21 21:23:06
[[32minfo[39m] [32mμ •μƒμ μΌλ΅ dbμ— μ—°κ²°λμ—μµλ‹λ‹¤.[39m  2022-08-21 21:23:06
[[32minfo[39m] [32mServer started and running on http://localhost:5000[39m 2022-08-21 21:23:15
[[32minfo[39m] [32mμ •μƒμ μΌλ΅ dbμ— μ—°κ²°λμ—μµλ‹λ‹¤.[39m 2022-08-21 21:23:15
[[32minfo[39m] [32mServer started and running on http://localhost:5000[39m /2022-08-21 21:23:19
[[32minfo[39m] [32mμ •μƒμ μΌλ΅ dbμ— μ—°κ²°λμ—μµλ‹λ‹¤.[39m /2022-08-21 21:23:19
[[32minfo[39m] [32mServer started and running on http://localhost:5000[39m /2022-08-21 21:24:08
[[32minfo[39m] [32mμ •μƒμ μΌλ΅ dbμ— μ—°κ²°λμ—μµλ‹λ‹¤.[39m /2022-08-21 21:24:08
[[32minfo[39m] [32mServer started and running on http://localhost:5000[39m /2022-08-21 21:24:33
[[32minfo[39m] [32mμ •μƒμ μΌλ΅ dbμ— μ—°κ²°λμ—μµλ‹λ‹¤.[39m /2022-08-21 21:24:34
[[32minfo[39m] [32mServer started and running on http://localhost:5000[39m /2022-08-21 21:24:58
[[32minfo[39m] [32mSuccessfully connected to db[39m /2022-08-21 21:24:59
[[32minfo[39m] [32mServer started and running on http://localhost:5000[39m /2022-08-21 21:25:29
[[32minfo[39m] [32mSuccessfully connected to db[39m /2022-08-21 21:25:29
[[32minfo[39m] [32mServer started and running on http://localhost:5000[39m /2022-08-21 21:25:35
[[32minfo[39m] [32mSuccessfully connected to db[39m /2022-08-21 21:25:36
[[32minfo[39m] [32mServer started and running on http://localhost:5000[39m /2022-08-21 21:25:46
[[32minfo[39m] [32mSuccessfully connected to db[39m /2022-08-21 21:25:47
[[32minfo[39m] [32mServer started and running on http://localhost:5000[39m /2022-08-21 21:32:04
[[32minfo[39m] [32mμ •μƒμ μΌλ΅ dbμ— μ—°κ²°λμ—μµλ‹λ‹¤.[39m /2022-08-21 21:32:05
[[32minfo[39m] [32mhttp://localhost:5000 μ—μ„ μ •μƒμ μΌλ΅ μ„λ²„λ¥Ό μ‹μ‘ν–μµλ‹λ‹¤.[39m /2022-08-21 21:32:54
[[32minfo[39m] [32mμ •μƒμ μΌλ΅ dbμ— μ—°κ²°λμ—μµλ‹λ‹¤.[39m /2022-08-21 21:32:55
[[32minfo[39m] [32mhttp://localhost:5000 μ •μƒμ μΌλ΅ μ„λ²„λ¥Ό μ‹μ‘ν–μµλ‹λ‹¤.[39m /2022-08-21 21:33:06
[[32minfo[39m] [32mμ •μƒμ μΌλ΅ dbμ— μ—°κ²°λμ—μµλ‹λ‹¤.[39m /2022-08-21 21:33:07
[[32minfo[39m] [32mμ •μƒμ μΌλ΅ μ„λ²„λ¥Ό μ‹μ‘ν–μµλ‹λ‹¤. http://localhost:5000[39m /2022-08-21 21:33:23
[[32minfo[39m] [32mμ •μƒμ μΌλ΅ dbμ— μ—°κ²°λμ—μµλ‹λ‹¤.[39m /2022-08-21 21:33:23
[[31merror[39m] [31m[33m%s[0m[39m /2022-08-21 21:40:35
[[32minfo[39m] [32mμ •μƒμ μΌλ΅ μ„λ²„λ¥Ό μ‹μ‘ν–μµλ‹λ‹¤. http://localhost:5000[39m /2022-08-21 21:41:02
[[32minfo[39m] [32mμ •μƒμ μΌλ΅ dbμ— μ—°κ²°λμ—μµλ‹λ‹¤.[39m /2022-08-21 21:41:03
[[31merror[39m] [31mν•΄λ‹Ή μ μ €κ°€ μ—†μµλ‹λ‹¤.[39m /2022-08-21 21:41:05
[[32minfo[39m] [32mμ •μƒμ μΌλ΅ μ„λ²„λ¥Ό μ‹μ‘ν–μµλ‹λ‹¤. http://localhost:5000[39m /2022-08-21 21:41:19
[[32minfo[39m] [32mμ •μƒμ μΌλ΅ dbμ— μ—°κ²°λμ—μµλ‹λ‹¤.[39m /2022-08-21 21:41:19
[[32minfo[39m] [32mμ •μƒμ μΌλ΅ μ„λ²„λ¥Ό μ‹μ‘ν–μµλ‹λ‹¤. http://localhost:5000[39m /2022-08-21 21:41:36
[[32minfo[39m] [32mμ •μƒμ μΌλ΅ dbμ— μ—°κ²°λμ—μµλ‹λ‹¤.[39m /2022-08-21 21:41:36
[[31merror[39m] [31m[33m%s[0m[39m /2022-08-21 21:41:38
[[32minfo[39m] [32mμ •μƒμ μΌλ΅ μ„λ²„λ¥Ό μ‹μ‘ν–μµλ‹λ‹¤. http://localhost:5000[39m /2022-08-21 21:41:53
[[32minfo[39m] [32mμ •μƒμ μΌλ΅ dbμ— μ—°κ²°λμ—μµλ‹λ‹¤.[39m /2022-08-21 21:41:53
[[31merror[39m] [31mError: ν•΄λ‹Ή μ μ €κ°€ μ—†μµλ‹λ‹¤.[39m /2022-08-21 21:41:54
[[31merror[39m] [31mError: ν•΄λ‹Ή μ μ €κ°€ μ—†μµλ‹λ‹¤.[39m /2022-08-21 22:05:39
[[32minfo[39m] [32mμ •μƒμ μΌλ΅ μ„λ²„λ¥Ό μ‹μ‘ν–μµλ‹λ‹¤. http://localhost:5000[39m /2022-08-21 22:55:36
[[32minfo[39m] [32mμ •μƒμ μΌλ΅ dbμ— μ—°κ²°λμ—μµλ‹λ‹¤.[39m /2022-08-21 22:55:37
[[32minfo[39m] [32mμ •μƒμ μΌλ΅ μ„λ²„λ¥Ό μ‹μ‘ν–μµλ‹λ‹¤. http://localhost:5000[39m /2022-08-21 22:57:17
[[32minfo[39m] [32mμ •μƒμ μΌλ΅ dbμ— μ—°κ²°λμ—μµλ‹λ‹¤.[39m /2022-08-21 22:57:17
[[31merror[39m] [31mError: λ‹¨μ μ„ λ” μ…λ ¥ν•΄μ£Όμ„Έμ”[39m /2022-08-21 22:59:28
[[32minfo[39m] [32mμ •μƒμ μΌλ΅ μ„λ²„λ¥Ό μ‹μ‘ν–μµλ‹λ‹¤. http://localhost:5000[39m /2022-08-21 23:33:42
[[32minfo[39m] [32mμ •μƒμ μΌλ΅ dbμ— μ—°κ²°λμ—μµλ‹λ‹¤.[39m /2022-08-21 23:33:42
